<?xml version="1.0" encoding="UTF-8"?>
<!-- Generated by org.testng.reporters.JUnitXMLReporter -->
<testsuite ignored="0" hostname="Muneers-MacBook-Pro.local" failures="0" tests="2" name="Surefire test" time="96.363" errors="0" timestamp="2020-10-06T19:59:19 EDT">
  <testcase classname="io.cucumber.testng.AbstractTestNGCucumberTests" name="runScenario" time="91.33"/>
  <testcase classname="io.cucumber.testng.AbstractTestNGCucumberTests" name="runScenario" time="4.647"/>
</testsuite> <!-- Surefire test -->
