<?xml version="1.0" encoding="UTF-8"?>
<testsuite name="runner.ProjectRunner" time="11.105" tests="13" errors="0" skipped="0" failures="2">
  <properties>
[...]
</properties>
  <testcase name="runScenario" classname="runner.ProjectRunner" time="11.105"/>
  <testcase name="runScenario" classname="runner.ProjectRunner" time="13.418">
    <failure message="expected [test question] but found [How to get a substring?]" type="java.lang.AssertionError">java.lang.AssertionError: expected [test question] but found [How to get a substring?]
	at org.testng.Assert.fail(Assert.java:99)
	at org.testng.Assert.failNotEquals(Assert.java:1037)
	at org.testng.Assert.assertEqualsImpl(Assert.java:140)
	at org.testng.Assert.assertEquals(Assert.java:122)
	at org.testng.Assert.assertEquals(Assert.java:629)
	at org.testng.Assert.assertEquals(Assert.java:639)
	at UI_Selenium.step_defs.TLA_6_AllTopicsTest.iVerifyThatAllTopicDashboadContains(TLA_6_AllTopicsTest.java:63)
	at ✽.I verify that AllTopic dashboad contains "How to get a substring?"(file:///Users/muneerhussainy/Desktop/DynamicDevelopers/src/test/resources/features/UI/TLA_6_AllTopics.feature:19)
</failure>
    <system-err><![CDATA[Starting ChromeDriver 85.0.4183.87 (cd6713ebf92fa1cacc0f1a598df280093af0c5d7-refs/branch-heads/4183@{#1689}) on port 28428
Only local connections are allowed.
Please see https://chromedriver.chromium.org/security-considerations for suggestions on keeping ChromeDriver safe.
ChromeDriver was started successfully.
Oct 08, 2020 12:03:32 AM org.openqa.selenium.remote.ProtocolHandshake createSession
INFO: Detected dialect: W3C
]]></system-err>
  </testcase>
  <testcase name="runScenario" classname="runner.ProjectRunner" time="13.059"/>
  <testcase name="runScenario" classname="runner.ProjectRunner" time="16.678"/>
  <testcase name="runScenario" classname="runner.ProjectRunner" time="11.719"/>
  <testcase name="runScenario" classname="runner.ProjectRunner" time="9.77"/>
  <testcase name="runScenario" classname="runner.ProjectRunner" time="10.571"/>
  <testcase name="runScenario" classname="runner.ProjectRunner" time="19.582"/>
  <testcase name="runScenario" classname="runner.ProjectRunner" time="19.153"/>
  <testcase name="runScenario" classname="runner.ProjectRunner" time="19.708"/>
  <testcase name="runScenario" classname="runner.ProjectRunner" time="19.281"/>
  <testcase name="runScenario" classname="runner.ProjectRunner" time="21.919">
    <failure message="expected [0] but found [1]" type="java.lang.AssertionError">java.lang.AssertionError: expected [0] but found [1]
	at org.testng.Assert.fail(Assert.java:99)
	at org.testng.Assert.failNotEquals(Assert.java:1037)
	at org.testng.Assert.assertEqualsImpl(Assert.java:140)
	at org.testng.Assert.assertEquals(Assert.java:122)
	at org.testng.Assert.assertEquals(Assert.java:907)
	at org.testng.Assert.assertEquals(Assert.java:917)
	at UI_Selenium.step_defs.TLA_6_AllTopicsTest.iVerifyThatAllTopicDashboadDoesNotContains(TLA_6_AllTopicsTest.java:72)
	at ✽.I verify that AllTopic dashboad does not contains "what is your name 342344?"(file:///Users/muneerhussainy/Desktop/DynamicDevelopers/src/test/resources/features/UI/TLA_6_AllTopics.feature:34)
</failure>
    <system-err><![CDATA[Starting ChromeDriver 85.0.4183.87 (cd6713ebf92fa1cacc0f1a598df280093af0c5d7-refs/branch-heads/4183@{#1689}) on port 2559
Only local connections are allowed.
Please see https://chromedriver.chromium.org/security-considerations for suggestions on keeping ChromeDriver safe.
ChromeDriver was started successfully.
Oct 08, 2020 12:06:05 AM org.openqa.selenium.remote.ProtocolHandshake createSession
INFO: Detected dialect: W3C
]]></system-err>
  </testcase>
  <testcase name="runScenario" classname="runner.ProjectRunner" time="28.127"/>
</testsuite>