<?xml version="1.0" encoding="UTF-8"?>
<testng-results skipped="0" failed="0" ignored="0" total="1" passed="1">
  <reporter-output>
  </reporter-output>
  <suite name="Surefire suite" duration-ms="15908" started-at="2020-10-07T21:15:09 EDT" finished-at="2020-10-07T21:15:25 EDT">
    <groups>
      <group name="cucumber">
        <method signature="AbstractTestNGCucumberTests.runScenario(io.cucumber.testng.PickleWrapper, io.cucumber.testng.FeatureWrapper)[pri:0, instance:runner.ProjectRunner@31610302]" name="runScenario" class="io.cucumber.testng.AbstractTestNGCucumberTests"/>
      </group> <!-- cucumber -->
    </groups>
    <test name="Surefire test" duration-ms="15908" started-at="2020-10-07T21:15:09 EDT" finished-at="2020-10-07T21:15:25 EDT">
      <class name="runner.ProjectRunner">
        <test-method status="PASS" signature="setUpClass()[pri:0, instance:runner.ProjectRunner@31610302]" name="setUpClass" is-config="true" duration-ms="596" started-at="2020-10-07T21:15:09 EDT" finished-at="2020-10-07T21:15:10 EDT">
          <reporter-output>
          </reporter-output>
        </test-method> <!-- setUpClass -->
        <test-method status="PASS" signature="runScenario(io.cucumber.testng.PickleWrapper, io.cucumber.testng.FeatureWrapper)[pri:0, instance:runner.ProjectRunner@31610302]" name="runScenario" duration-ms="14835" started-at="2020-10-07T21:15:10 EDT" description="Runs Cucumber Scenarios" data-provider="scenarios" finished-at="2020-10-07T21:15:25 EDT">
          <params>
            <param index="0">
              <value>
                <![CDATA["Verifying tables DO's and Dont's table exist"]]>
              </value>
            </param>
            <param index="1">
              <value>
                <![CDATA["Optional[Do's and Dont's table test]"]]>
              </value>
            </param>
          </params>
          <reporter-output>
          </reporter-output>
        </test-method> <!-- runScenario -->
        <test-method status="PASS" signature="tearDownClass()[pri:0, instance:runner.ProjectRunner@31610302]" name="tearDownClass" is-config="true" duration-ms="434" started-at="2020-10-07T21:15:25 EDT" finished-at="2020-10-07T21:15:25 EDT">
          <reporter-output>
          </reporter-output>
        </test-method> <!-- tearDownClass -->
      </class> <!-- runner.ProjectRunner -->
    </test> <!-- Surefire test -->
  </suite> <!-- Surefire suite -->
</testng-results>
