[
  {
    "line": 2,
    "elements": [
      {
        "line": 4,
        "name": "User open login/registration page",
        "description": "",
        "type": "background",
        "keyword": "Background",
        "steps": [
          {
            "result": {
              "duration": 27072000000,
              "status": "passed"
            },
            "line": 5,
            "name": "I open login page",
            "match": {
              "location": "UI_Selenium.step_defs.LoginTest.i_open()"
            },
            "keyword": "Given "
          },
          {
            "result": {
              "duration": 787000000,
              "status": "passed"
            },
            "line": 6,
            "name": "user provides valid Email",
            "match": {
              "location": "UI_Selenium.step_defs.LoginTest.userProvidesValidEmail()"
            },
            "keyword": "When "
          },
          {
            "result": {
              "duration": 441000000,
              "status": "passed"
            },
            "line": 7,
            "name": "user provides valid password",
            "match": {
              "location": "UI_Selenium.step_defs.LoginTest.userProvidesValidPassword()"
            },
            "keyword": "And "
          },
          {
            "result": {
              "duration": 478000000,
              "status": "passed"
            },
            "line": 8,
            "name": "user click on signIn button",
            "match": {
              "location": "UI_Selenium.step_defs.LoginTest.userClickOnSignInButton()"
            },
            "keyword": "And "
          }
        ]
      },
      {
        "start_timestamp": "2020-10-13T18:42:17.584Z",
        "before": [
          {
            "result": {
              "duration": 4609000000,
              "status": "passed"
            },
            "match": {
              "location": "UI_Selenium.step_defs.Hooks.setUp(io.cucumber.java.Scenario)"
            }
          }
        ],
        "line": 29,
        "name": "user is unable to create new dash board with existing name",
        "description": "",
        "id": "developer-preparation-application-tests;user-is-unable-to-create-new-dash-board-with-existing-name",
        "after": [
          {
            "result": {
              "error_message": "org.openqa.selenium.TimeoutException: Expected condition failed: waiting for UI_Selenium.ui_utils.Selenium_utils$$Lambda$462/985655365@3e7c4815 (tried for 10 second(s) with 500 milliseconds interval)\n\tat org.openqa.selenium.support.ui.WebDriverWait.timeoutException(WebDriverWait.java:95)\n\tat org.openqa.selenium.support.ui.FluentWait.until(FluentWait.java:272)\n\tat UI_Selenium.ui_utils.Selenium_utils.waitForPageToLoad(Selenium_utils.java:52)\n\tat UI_Selenium.ui_utils.Selenium_utils.takeScreenshot(Selenium_utils.java:113)\n\tat UI_Selenium.step_defs.Hooks.tearDown(Hooks.java:29)\nCaused by: org.openqa.selenium.NoSuchWindowException: no such window: target window already closed\nfrom unknown error: web view not found\n  (Session info: chrome\u003d83.0.4103.116)\nBuild info: version: \u00273.141.59\u0027, revision: \u0027e82be7d358\u0027, time: \u00272018-11-14T08:17:03\u0027\nSystem info: host: \u0027Kanokphorns-MacBook-Pro.local\u0027, ip: \u00272600:8806:6100:392:0:0:0:9539%en0\u0027, os.name: \u0027Mac OS X\u0027, os.arch: \u0027x86_64\u0027, os.version: \u002710.15.5\u0027, java.version: \u00271.8.0_241\u0027\nDriver info: org.openqa.selenium.chrome.ChromeDriver\nCapabilities {acceptInsecureCerts: false, browserName: chrome, browserVersion: 83.0.4103.116, chrome: {chromedriverVersion: 83.0.4103.39 (ccbf011cb2d2b..., userDataDir: /var/folders/l0/jqrthp317d5...}, goog:chromeOptions: {debuggerAddress: localhost:55722}, javascriptEnabled: true, networkConnectionEnabled: false, pageLoadStrategy: normal, platform: MAC, platformName: MAC, proxy: Proxy(), setWindowRect: true, strictFileInteractability: false, timeouts: {implicit: 0, pageLoad: 300000, script: 30000}, unhandledPromptBehavior: dismiss and notify, webauthn:virtualAuthenticators: true}\nSession ID: 09ff742f3c234e55ca8893e61e1ce513\n\tat sun.reflect.GeneratedConstructorAccessor19.newInstance(Unknown Source)\n\tat sun.reflect.DelegatingConstructorAccessorImpl.newInstance(DelegatingConstructorAccessorImpl.java:45)\n\tat java.lang.reflect.Constructor.newInstance(Constructor.java:423)\n\tat org.openqa.selenium.remote.http.W3CHttpResponseCodec.createException(W3CHttpResponseCodec.java:187)\n\tat org.openqa.selenium.remote.http.W3CHttpResponseCodec.decode(W3CHttpResponseCodec.java:122)\n\tat org.openqa.selenium.remote.http.W3CHttpResponseCodec.decode(W3CHttpResponseCodec.java:49)\n\tat org.openqa.selenium.remote.HttpCommandExecutor.execute(HttpCommandExecutor.java:158)\n\tat org.openqa.selenium.remote.service.DriverCommandExecutor.execute(DriverCommandExecutor.java:83)\n\tat org.openqa.selenium.remote.RemoteWebDriver.execute(RemoteWebDriver.java:552)\n\tat org.openqa.selenium.remote.RemoteWebDriver.executeScript(RemoteWebDriver.java:489)\n\tat UI_Selenium.ui_utils.Selenium_utils.lambda$waitForPageToLoad$0(Selenium_utils.java:50)\n\tat org.openqa.selenium.support.ui.FluentWait.until(FluentWait.java:249)\n\tat UI_Selenium.ui_utils.Selenium_utils.waitForPageToLoad(Selenium_utils.java:52)\n\tat UI_Selenium.ui_utils.Selenium_utils.takeScreenshot(Selenium_utils.java:113)\n\tat UI_Selenium.step_defs.Hooks.tearDown(Hooks.java:29)\n\tat sun.reflect.NativeMethodAccessorImpl.invoke0(Native Method)\n\tat sun.reflect.NativeMethodAccessorImpl.invoke(NativeMethodAccessorImpl.java:62)\n\tat sun.reflect.DelegatingMethodAccessorImpl.invoke(DelegatingMethodAccessorImpl.java:43)\n\tat java.lang.reflect.Method.invoke(Method.java:498)\n\tat io.cucumber.java.Invoker.doInvoke(Invoker.java:66)\n\tat io.cucumber.java.Invoker.invoke(Invoker.java:24)\n\tat io.cucumber.java.AbstractGlueDefinition.invokeMethod(AbstractGlueDefinition.java:47)\n\tat io.cucumber.java.JavaHookDefinition.execute(JavaHookDefinition.java:59)\n\tat io.cucumber.core.runner.CoreHookDefinition.execute(CoreHookDefinition.java:46)\n\tat io.cucumber.core.runner.HookDefinitionMatch.runStep(HookDefinitionMatch.java:21)\n\tat io.cucumber.core.runner.TestStep.executeStep(TestStep.java:92)\n\tat io.cucumber.core.runner.TestStep.run(TestStep.java:63)\n\tat io.cucumber.core.runner.TestCase.run(TestCase.java:103)\n\tat io.cucumber.core.runner.Runner.runPickle(Runner.java:71)\n\tat io.cucumber.testng.TestNGCucumberRunner.lambda$runScenario$0(TestNGCucumberRunner.java:116)\n\tat io.cucumber.core.runtime.CucumberExecutionContext.runTestCase(CucumberExecutionContext.java:117)\n\tat io.cucumber.testng.TestNGCucumberRunner.runScenario(TestNGCucumberRunner.java:113)\n\tat io.cucumber.testng.AbstractTestNGCucumberTests.runScenario(AbstractTestNGCucumberTests.java:31)\n\tat sun.reflect.NativeMethodAccessorImpl.invoke0(Native Method)\n\tat sun.reflect.NativeMethodAccessorImpl.invoke(NativeMethodAccessorImpl.java:62)\n\tat sun.reflect.DelegatingMethodAccessorImpl.invoke(DelegatingMethodAccessorImpl.java:43)\n\tat java.lang.reflect.Method.invoke(Method.java:498)\n\tat org.testng.internal.MethodInvocationHelper.invokeMethod(MethodInvocationHelper.java:132)\n\tat org.testng.internal.TestInvoker.invokeMethod(TestInvoker.java:599)\n\tat org.testng.internal.TestInvoker.invokeTestMethod(TestInvoker.java:174)\n\tat org.testng.internal.MethodRunner.runInSequence(MethodRunner.java:46)\n\tat org.testng.internal.TestInvoker$MethodInvocationAgent.invoke(TestInvoker.java:822)\n\tat org.testng.internal.TestInvoker.invokeTestMethods(TestInvoker.java:147)\n\tat org.testng.internal.TestMethodWorker.invokeTestMethods(TestMethodWorker.java:146)\n\tat org.testng.internal.TestMethodWorker.run(TestMethodWorker.java:128)\n\tat java.util.ArrayList.forEach(ArrayList.java:1257)\n\tat org.testng.TestRunner.privateRun(TestRunner.java:764)\n\tat org.testng.TestRunner.run(TestRunner.java:585)\n\tat org.testng.SuiteRunner.runTest(SuiteRunner.java:384)\n\tat org.testng.SuiteRunner.runSequentially(SuiteRunner.java:378)\n\tat org.testng.SuiteRunner.privateRun(SuiteRunner.java:337)\n\tat org.testng.SuiteRunner.run(SuiteRunner.java:286)\n\tat org.testng.SuiteRunnerWorker.runSuite(SuiteRunnerWorker.java:53)\n\tat org.testng.SuiteRunnerWorker.run(SuiteRunnerWorker.java:96)\n\tat org.testng.TestNG.runSuitesSequentially(TestNG.java:1218)\n\tat org.testng.TestNG.runSuitesLocally(TestNG.java:1140)\n\tat org.testng.TestNG.runSuites(TestNG.java:1069)\n\tat org.testng.TestNG.run(TestNG.java:1037)\n\tat com.intellij.rt.testng.IDEARemoteTestNG.run(IDEARemoteTestNG.java:66)\n\tat com.intellij.rt.testng.RemoteTestNGStarter.main(RemoteTestNGStarter.java:110)\n",
              "duration": 10180000000,
              "status": "failed"
            },
            "match": {
              "location": "UI_Selenium.step_defs.Hooks.tearDown(io.cucumber.java.Scenario)"
            }
          }
        ],
        "type": "scenario",
        "keyword": "Scenario",
        "steps": [
          {
            "result": {
              "duration": 27081000000,
              "status": "passed"
            },
            "line": 30,
            "name": "User create new dashboard name with \"existingtopicname\"",
            "match": {
              "arguments": [
                {
                  "val": "\"existingtopicname\"",
                  "offset": 36
                }
              ],
              "location": "UI_Selenium.step_defs.DashBoardViewTest.userCreateNewDashboardNameWith(java.lang.String)"
            },
            "keyword": "When "
          },
          {
            "result": {
              "error_message": "org.openqa.selenium.NoSuchWindowException: no such window: target window already closed\nfrom unknown error: web view not found\n  (Session info: chrome\u003d83.0.4103.116)\nBuild info: version: \u00273.141.59\u0027, revision: \u0027e82be7d358\u0027, time: \u00272018-11-14T08:17:03\u0027\nSystem info: host: \u0027Kanokphorns-MacBook-Pro.local\u0027, ip: \u00272600:8806:6100:392:0:0:0:9539%en0\u0027, os.name: \u0027Mac OS X\u0027, os.arch: \u0027x86_64\u0027, os.version: \u002710.15.5\u0027, java.version: \u00271.8.0_241\u0027\nDriver info: org.openqa.selenium.chrome.ChromeDriver\nCapabilities {acceptInsecureCerts: false, browserName: chrome, browserVersion: 83.0.4103.116, chrome: {chromedriverVersion: 83.0.4103.39 (ccbf011cb2d2b..., userDataDir: /var/folders/l0/jqrthp317d5...}, goog:chromeOptions: {debuggerAddress: localhost:55722}, javascriptEnabled: true, networkConnectionEnabled: false, pageLoadStrategy: normal, platform: MAC, platformName: MAC, proxy: Proxy(), setWindowRect: true, strictFileInteractability: false, timeouts: {implicit: 0, pageLoad: 300000, script: 30000}, unhandledPromptBehavior: dismiss and notify, webauthn:virtualAuthenticators: true}\nSession ID: 09ff742f3c234e55ca8893e61e1ce513\n*** Element info: {Using\u003dxpath, value\u003d//button[@class\u003d\u0027btn btn-primary mb-2\u0027]}\n\tat sun.reflect.GeneratedConstructorAccessor19.newInstance(Unknown Source)\n\tat sun.reflect.DelegatingConstructorAccessorImpl.newInstance(DelegatingConstructorAccessorImpl.java:45)\n\tat java.lang.reflect.Constructor.newInstance(Constructor.java:423)\n\tat org.openqa.selenium.remote.http.W3CHttpResponseCodec.createException(W3CHttpResponseCodec.java:187)\n\tat org.openqa.selenium.remote.http.W3CHttpResponseCodec.decode(W3CHttpResponseCodec.java:122)\n\tat org.openqa.selenium.remote.http.W3CHttpResponseCodec.decode(W3CHttpResponseCodec.java:49)\n\tat org.openqa.selenium.remote.HttpCommandExecutor.execute(HttpCommandExecutor.java:158)\n\tat org.openqa.selenium.remote.service.DriverCommandExecutor.execute(DriverCommandExecutor.java:83)\n\tat org.openqa.selenium.remote.RemoteWebDriver.execute(RemoteWebDriver.java:552)\n\tat org.openqa.selenium.remote.RemoteWebDriver.findElement(RemoteWebDriver.java:323)\n\tat org.openqa.selenium.remote.RemoteWebDriver.findElementByXPath(RemoteWebDriver.java:428)\n\tat org.openqa.selenium.By$ByXPath.findElement(By.java:353)\n\tat org.openqa.selenium.remote.RemoteWebDriver.findElement(RemoteWebDriver.java:315)\n\tat org.openqa.selenium.support.pagefactory.DefaultElementLocator.findElement(DefaultElementLocator.java:69)\n\tat org.openqa.selenium.support.pagefactory.internal.LocatingElementHandler.invoke(LocatingElementHandler.java:38)\n\tat com.sun.proxy.$Proxy20.toString(Unknown Source)\n\tat java.lang.String.valueOf(String.java:2994)\n\tat java.lang.StringBuilder.append(StringBuilder.java:131)\n\tat org.openqa.selenium.support.ui.ExpectedConditions$23.toString(ExpectedConditions.java:683)\n\tat java.lang.String.valueOf(String.java:2994)\n\tat java.lang.StringBuilder.append(StringBuilder.java:131)\n\tat org.openqa.selenium.support.ui.FluentWait.until(FluentWait.java:268)\n\tat UI_Selenium.ui_utils.Selenium_utils.waitForClickability(Selenium_utils.java:36)\n\tat UI_Selenium.ui_utils.Selenium_utils.click(Selenium_utils.java:61)\n\tat UI_Selenium.step_defs.DashBoardViewTest.userClickAddButton(DashBoardViewTest.java:49)\n\tat âœ½.User click add button(file:///Users/kanokphornkala/Desktop/DynamicDevelopers/src/test/resources/features/UI/TLA-02%20DashView.feature:31)\n",
              "duration": 10491000000,
              "status": "failed"
            },
            "line": 31,
            "name": "User click add button",
            "match": {
              "location": "UI_Selenium.step_defs.DashBoardViewTest.userClickAddButton()"
            },
            "keyword": "And "
          },
          {
            "result": {
              "status": "skipped"
            },
            "line": 32,
            "name": "Verify the error message appeared as existing TopicName already exists",
            "match": {
              "location": "UI_Selenium.step_defs.DashBoardViewTest.verifyTheErrorMessageAppearedAsExistingTopicNameAlreadyExists()"
            },
            "keyword": "Then "
          }
        ],
        "tags": [
          {
            "name": "@DashReview"
          },
          {
            "name": "@existingDashBoard"
          }
        ]
      }
    ],
    "name": "Developer Preparation application tests",
    "description": "",
    "id": "developer-preparation-application-tests",
    "keyword": "Feature",
    "uri": "file:src/test/resources/features/UI/TLA-02%20DashView.feature",
    "tags": [
      {
        "name": "@DashReview",
        "type": "Tag",
        "location": {
          "line": 1,
          "column": 1
        }
      }
    ]
  }
]