<?xml version="1.0" encoding="UTF-8"?>
<!-- Generated by org.testng.reporters.JUnitReportReporter -->
<testsuite hostname="Pavels-MBP" failures="1" tests="1" name="runner.ProjectRunner" time="184.851" errors="0" timestamp="2020-10-07T13:27:05 EDT" skipped="0">
  <testcase classname="runner.ProjectRunner" name="runScenario" time="184.851">
    <failure type="java.lang.AssertionError">
      <![CDATA[java.lang.AssertionError
at org.junit.Assert.fail(Assert.java:92)
at org.junit.Assert.assertTrue(Assert.java:43)
at org.junit.Assert.assertTrue(Assert.java:54)
at UI_Selenium.step_defs.QA_SectionTest.iVerifyAnswerCountCorrespondsTheActualCountOfAnswersUnderAQuestion(QA_SectionTest.java:88)
at ✽.I verify Answer count corresponds to the actual count of answers under a question(file:///Users/sapsan_pz/Documents/DynamicDevelopers/src/test/resources/features/UI/TLA-9-10.feature:18)
]]>
    </failure>
  </testcase> <!-- runScenario -->
  <system-out/>
</testsuite> <!-- runner.ProjectRunner -->
